<?xml version="1.0" encoding="UTF-8"?>
<!-- Generated by org.testng.reporters.JUnitXMLReporter -->
<testsuite hostname="DESKTOP-7G97FLI" ignored="1" name="HelloBye" tests="3" failures="0" timestamp="2020-05-14T11:14:22 IST" time="0.026" errors="0">
  <testcase name="demo2" time="0.002" classname="test.day1"/>
  <testcase name="demo2" time="0.001" classname="test.day1"/>
  <testcase name="demo2" time="0.005" classname="test.day1"/>
  <testcase name="demo" time="0.0" classname="test.day1">
    <ignored/>
  </testcase> <!-- demo -->
</testsuite> <!-- HelloBye -->
