<?xml version="1.0" encoding="UTF-8"?>
<!-- Generated by org.testng.reporters.JUnitXMLReporter -->
<testsuite hostname="DESKTOP-7G97FLI" ignored="1" name="Loaning" tests="2" failures="0" timestamp="2020-05-11T11:59:04 IST" time="0.079" errors="0">
  <testcase name="CarLoan" time="0.011" classname="test.day2"/>
  <testcase name="PersonaLoan" time="0.004" classname="test.day2"/>
  <testcase name="homeloan" time="0.0" classname="test.day2">
    <ignored/>
  </testcase> <!-- homeloan -->
</testsuite> <!-- Loaning -->
