<?xml version="1.0" encoding="UTF-8"?>
<!-- Generated by org.testng.reporters.JUnitXMLReporter -->
<testsuite hostname="DESKTOP-7G97FLI" ignored="2" name="Loaning" tests="3" failures="0" timestamp="2020-05-12T12:28:24 IST" time="0.085" errors="0">
  <testcase name="demo" time="0.012" classname="test.day1"/>
  <testcase name="PersonaLoan" time="0.002" classname="test.day2"/>
  <testcase name="homeloan" time="0.002" classname="test.day2"/>
  <testcase name="demo2" time="0.0" classname="test.day1">
    <ignored/>
  </testcase> <!-- demo2 -->
  <testcase name="CarLoan" time="0.0" classname="test.day2">
    <ignored/>
  </testcase> <!-- CarLoan -->
</testsuite> <!-- Loaning -->
