<?xml version="1.0" encoding="UTF-8"?>
<!-- Generated by org.testng.reporters.JUnitXMLReporter -->
<testsuite hostname="DESKTOP-7G97FLI" ignored="1" name="Test" tests="2" failures="0" timestamp="2020-05-11T11:55:36 IST" time="0.067" errors="0">
  <testcase name="CarLoan" time="0.011" classname="test.day2"/>
  <testcase name="PersonaLoan" time="0.002" classname="test.day2"/>
  <testcase name="homeloan" time="0.0" classname="test.day2">
    <ignored/>
  </testcase> <!-- homeloan -->
</testsuite> <!-- Test -->
