<?xml version="1.0" encoding="UTF-8"?>
<testng-results skipped="0" failed="0" ignored="2" total="5" passed="3">
  <reporter-output>
  </reporter-output>
  <suite name="Suite" duration-ms="141" started-at="2020-05-11T11:59:04 IST" finished-at="2020-05-11T11:59:04 IST">
    <groups>
    </groups>
    <test name="Loaning" duration-ms="79" started-at="2020-05-11T11:59:04 IST" finished-at="2020-05-11T11:59:04 IST">
      <class name="test.day2">
        <test-method status="PASS" signature="CarLoan()[pri:0, instance:test.day2@6b09bb57]" name="CarLoan" duration-ms="11" started-at="2020-05-11T11:59:04 IST" finished-at="2020-05-11T11:59:04 IST">
          <reporter-output>
          </reporter-output>
        </test-method> <!-- CarLoan -->
        <test-method status="PASS" signature="PersonaLoan()[pri:0, instance:test.day2@6b09bb57]" name="PersonaLoan" duration-ms="4" started-at="2020-05-11T11:59:04 IST" finished-at="2020-05-11T11:59:04 IST">
          <reporter-output>
          </reporter-output>
        </test-method> <!-- PersonaLoan -->
      </class> <!-- test.day2 -->
    </test> <!-- Loaning -->
    <test name="HelloBye" duration-ms="7" started-at="2020-05-11T11:59:04 IST" finished-at="2020-05-11T11:59:04 IST">
      <class name="test.day1">
        <test-method status="PASS" signature="demo2()[pri:0, instance:test.day1@627551fb]" name="demo2" duration-ms="2" started-at="2020-05-11T11:59:04 IST" finished-at="2020-05-11T11:59:04 IST">
          <reporter-output>
          </reporter-output>
        </test-method> <!-- demo2 -->
      </class> <!-- test.day1 -->
    </test> <!-- HelloBye -->
  </suite> <!-- Suite -->
</testng-results>
